{"sessionId": "75082c", "hypothesisId": "C", "location": "query_graph.py:node_retrieve", "message": "retrieve_indexes", "data": {"role": "executive", "is_executive": true, "indexes": ["zmr-executive-dev", "zmr-acquisitions-dev", "zmr-asset-management-dev", "zmr-investor-relations-dev", "zmr-legal-compliance-dev"], "query": "confidentiality agreement information use restrictions"}, "timestamp": 1775816942604}
{"sessionId": "75082c", "hypothesisId": "C", "location": "query_graph.py:node_retrieve", "message": "index_result", "data": {"index": "zmr-executive-dev", "chunks_found": 0}, "timestamp": 1775816952439}
{"sessionId": "75082c", "hypothesisId": "C", "location": "query_graph.py:node_retrieve", "message": "index_result", "data": {"index": "zmr-acquisitions-dev", "chunks_found": 0}, "timestamp": 1775816963089}
{"sessionId": "75082c", "hypothesisId": "C", "location": "query_graph.py:node_retrieve", "message": "index_result", "data": {"index": "zmr-asset-management-dev", "chunks_found": 8}, "timestamp": 1775816974448}
{"sessionId": "75082c", "hypothesisId": "C", "location": "query_graph.py:node_retrieve", "message": "index_result", "data": {"index": "zmr-investor-relations-dev", "chunks_found": 0}, "timestamp": 1775816980736}
{"sessionId": "75082c", "hypothesisId": "C", "location": "query_graph.py:node_retrieve", "message": "index_result", "data": {"index": "zmr-legal-compliance-dev", "chunks_found": 0}, "timestamp": 1775816986946}
{"sessionId": "75082c", "hypothesisId": "C", "location": "query_graph.py:node_retrieve", "message": "final_chunks", "data": {"role": "executive", "total_chunks": 8, "indexes_queried": ["zmr-executive-dev", "zmr-acquisitions-dev", "zmr-asset-management-dev", "zmr-investor-relations-dev", "zmr-legal-compliance-dev"], "errors": []}, "timestamp": 1775816986947}
{"sessionId": "75082c", "hypothesisId": "C", "location": "query_graph.py:node_retrieve", "message": "retrieve_indexes", "data": {"role": "executive", "is_executive": true, "indexes": ["zmr-executive-dev", "zmr-acquisitions-dev", "zmr-asset-management-dev", "zmr-investor-relations-dev", "zmr-legal-compliance-dev"], "query": "cap rates offering memoranda recent"}, "timestamp": 1775817048413}
{"sessionId": "75082c", "hypothesisId": "C", "location": "query_graph.py:node_retrieve", "message": "index_result", "data": {"index": "zmr-executive-dev", "chunks_found": 5}, "timestamp": 1775817060151}
{"sessionId": "75082c", "hypothesisId": "C", "location": "query_graph.py:node_retrieve", "message": "index_result", "data": {"index": "zmr-acquisitions-dev", "chunks_found": 8}, "timestamp": 1775817070591}
{"sessionId": "75082c", "hypothesisId": "C", "location": "query_graph.py:node_retrieve", "message": "index_result", "data": {"index": "zmr-asset-management-dev", "chunks_found": 8}, "timestamp": 1775817122844}
{"sessionId": "75082c", "hypothesisId": "C", "location": "query_graph.py:node_retrieve", "message": "index_result", "data": {"index": "zmr-investor-relations-dev", "chunks_found": 0}, "timestamp": 1775817127953}
{"sessionId": "75082c", "hypothesisId": "C", "location": "query_graph.py:node_retrieve", "message": "index_result", "data": {"index": "zmr-legal-compliance-dev", "chunks_found": 0}, "timestamp": 1775817133704}
{"sessionId": "75082c", "hypothesisId": "C", "location": "query_graph.py:node_retrieve", "message": "final_chunks", "data": {"role": "executive", "total_chunks": 8, "indexes_queried": ["zmr-executive-dev", "zmr-acquisitions-dev", "zmr-asset-management-dev", "zmr-investor-relations-dev", "zmr-legal-compliance-dev"], "errors": []}, "timestamp": 1775817133707}
{"sessionId": "75082c", "hypothesisId": "C", "location": "query_graph.py:node_retrieve", "message": "retrieve_indexes", "data": {"role": "executive", "is_executive": true, "indexes": ["zmr-executive-dev", "zmr-acquisitions-dev", "zmr-asset-management-dev", "zmr-investor-relations-dev", "zmr-legal-compliance-dev"], "query": "underwriting model latest deal Excel financial model"}, "timestamp": 1775817277191}
{"sessionId": "75082c", "hypothesisId": "C", "location": "query_graph.py:node_retrieve", "message": "index_result", "data": {"index": "zmr-executive-dev", "chunks_found": 8}, "timestamp": 1775817289509}
{"sessionId": "75082c", "hypothesisId": "C", "location": "query_graph.py:node_retrieve", "message": "index_result", "data": {"index": "zmr-acquisitions-dev", "chunks_found": 8}, "timestamp": 1775817301971}
{"sessionId": "75082c", "hypothesisId": "C", "location": "query_graph.py:node_retrieve", "message": "index_result", "data": {"index": "zmr-asset-management-dev", "chunks_found": 8}, "timestamp": 1775817313698}
{"sessionId": "75082c", "hypothesisId": "C", "location": "query_graph.py:node_retrieve", "message": "index_result", "data": {"index": "zmr-investor-relations-dev", "chunks_found": 0}, "timestamp": 1775817318958}
{"sessionId": "75082c", "hypothesisId": "C", "location": "query_graph.py:node_retrieve", "message": "index_result", "data": {"index": "zmr-legal-compliance-dev", "chunks_found": 0}, "timestamp": 1775817325207}
{"sessionId": "75082c", "hypothesisId": "C", "location": "query_graph.py:node_retrieve", "message": "final_chunks", "data": {"role": "executive", "total_chunks": 8, "indexes_queried": ["zmr-executive-dev", "zmr-acquisitions-dev", "zmr-asset-management-dev", "zmr-investor-relations-dev", "zmr-legal-compliance-dev"], "errors": []}, "timestamp": 1775817325209}
{"sessionId": "75082c", "hypothesisId": "C", "location": "query_graph.py:node_retrieve", "message": "retrieve_indexes", "data": {"role": "acquisitions", "is_executive": false, "indexes": ["zmr-acquisitions-dev"], "query": "underwriting financial model latest deal Excel"}, "timestamp": 1775817375034}
{"sessionId": "75082c", "hypothesisId": "C", "location": "query_graph.py:node_retrieve", "message": "index_result", "data": {"index": "zmr-acquisitions-dev", "chunks_found": 8}, "timestamp": 1775817388703}
{"sessionId": "75082c", "hypothesisId": "C", "location": "query_graph.py:node_retrieve", "message": "final_chunks", "data": {"role": "acquisitions", "total_chunks": 8, "indexes_queried": ["zmr-acquisitions-dev"], "errors": []}, "timestamp": 1775817388705}
{"sessionId": "75082c", "hypothesisId": "C", "location": "query_graph.py:node_retrieve", "message": "retrieve_indexes", "data": {"role": "compliance", "is_executive": false, "indexes": ["zmr-legal-compliance-dev"], "query": "underwriting model latest deal Excel financial analysis"}, "timestamp": 1775817534289}
{"sessionId": "75082c", "hypothesisId": "C", "location": "query_graph.py:node_retrieve", "message": "index_result", "data": {"index": "zmr-legal-compliance-dev", "chunks_found": 0}, "timestamp": 1775817541088}
{"sessionId": "75082c", "hypothesisId": "C", "location": "query_graph.py:node_retrieve", "message": "final_chunks", "data": {"role": "compliance", "total_chunks": 0, "indexes_queried": ["zmr-legal-compliance-dev"], "errors": []}, "timestamp": 1775817541089}
{"sessionId": "75082c", "hypothesisId": "C", "location": "query_graph.py:node_retrieve", "message": "retrieve_indexes", "data": {"role": "legal", "is_executive": false, "indexes": ["zmr-legal-compliance-dev"], "query": "underwriting model latest deal Excel financial analysis"}, "timestamp": 1775817575875}
{"sessionId": "75082c", "hypothesisId": "C", "location": "query_graph.py:node_retrieve", "message": "index_result", "data": {"index": "zmr-legal-compliance-dev", "chunks_found": 0}, "timestamp": 1775817582316}
{"sessionId": "75082c", "hypothesisId": "C", "location": "query_graph.py:node_retrieve", "message": "final_chunks", "data": {"role": "legal", "total_chunks": 0, "indexes_queried": ["zmr-legal-compliance-dev"], "errors": []}, "timestamp": 1775817582318}
{"sessionId": "75082c", "hypothesisId": "C", "location": "query_graph.py:node_retrieve", "message": "retrieve_indexes", "data": {"role": "investor-relations", "is_executive": false, "indexes": ["zmr-investor-relations-dev"], "query": "underwriting model latest deal Excel financial analysis"}, "timestamp": 1775817639362}
{"sessionId": "75082c", "hypothesisId": "C", "location": "query_graph.py:node_retrieve", "message": "index_result", "data": {"index": "zmr-investor-relations-dev", "chunks_found": 0}, "timestamp": 1775817645160}
{"sessionId": "75082c", "hypothesisId": "C", "location": "query_graph.py:node_retrieve", "message": "final_chunks", "data": {"role": "investor-relations", "total_chunks": 0, "indexes_queried": ["zmr-investor-relations-dev"], "errors": []}, "timestamp": 1775817645164}
{"sessionId": "75082c", "hypothesisId": "C", "location": "query_graph.py:node_retrieve", "message": "retrieve_indexes", "data": {"role": "investor-relations", "is_executive": false, "indexes": ["zmr-investor-relations-dev"], "query": "current occupancy rate properties rent rolls"}, "timestamp": 1775817977304}
{"sessionId": "75082c", "hypothesisId": "C", "location": "query_graph.py:node_retrieve", "message": "index_result", "data": {"index": "zmr-investor-relations-dev", "chunks_found": 0}, "timestamp": 1775817983180}
{"sessionId": "75082c", "hypothesisId": "C", "location": "query_graph.py:node_retrieve", "message": "final_chunks", "data": {"role": "investor-relations", "total_chunks": 0, "indexes_queried": ["zmr-investor-relations-dev"], "errors": []}, "timestamp": 1775817983182}
{"sessionId": "75082c", "hypothesisId": "C", "location": "query_graph.py:node_retrieve", "message": "retrieve_indexes", "data": {"role": "asset-management", "is_executive": false, "indexes": ["zmr-asset-management-dev"], "query": "current occupancy rate properties rent rolls"}, "timestamp": 1775817999700}
{"sessionId": "75082c", "hypothesisId": "C", "location": "query_graph.py:node_retrieve", "message": "index_result", "data": {"index": "zmr-asset-management-dev", "chunks_found": 8}, "timestamp": 1775818011319}
{"sessionId": "75082c", "hypothesisId": "C", "location": "query_graph.py:node_retrieve", "message": "final_chunks", "data": {"role": "asset-management", "total_chunks": 8, "indexes_queried": ["zmr-asset-management-dev"], "errors": []}, "timestamp": 1775818011323}
